<?xml version="1.0" encoding="UTF-8"?>
<!-- Generated by org.testng.reporters.JUnitReportReporter -->
<testsuite hostname="LAPTOP-KHLMVE7K" failures="0" tests="4" name="TestNG.InvocationCount_TestNg" time="0.023" errors="0" timestamp="2023-07-28T08:16:43 IST" skipped="0">
  <testcase classname="TestNG.InvocationCount_TestNg" name="test3" time="0.002"/>
  <system-out/>
  <testcase classname="TestNG.InvocationCount_TestNg" name="test3" time="0.014"/>
  <system-out/>
  <testcase classname="TestNG.InvocationCount_TestNg" name="test2" time="0.001"/>
  <system-out/>
  <testcase classname="TestNG.InvocationCount_TestNg" name="test1" time="0.006"/>
  <system-out/>
</testsuite> <!-- TestNG.InvocationCount_TestNg -->
