<?xml version="1.0" encoding="UTF-8"?>
<!-- Generated by org.testng.reporters.JUnitReportReporter -->
<testsuite hostname="LAPTOP-KHLMVE7K" failures="0" tests="3" name="TestNG_Sequential.Test1" time="0.065" errors="0" timestamp="2023-07-29T07:29:34 IST" skipped="0">
  <testcase classname="TestNG_Sequential.Test1" name="demo1" time="0.039"/>
  <system-out/>
  <testcase classname="TestNG_Sequential.Test1" name="demo2" time="0.022"/>
  <system-out/>
  <testcase classname="TestNG_Sequential.Test1" name="demo3" time="0.004"/>
  <system-out/>
</testsuite> <!-- TestNG_Sequential.Test1 -->
