<?xml version="1.0" encoding="UTF-8"?>
<!-- Generated by org.testng.reporters.JUnitReportReporter -->
<testsuite hostname="LAPTOP-KHLMVE7K" failures="0" tests="2" name="TestNG.TestNG_Annotation" time="209.179" errors="0" timestamp="2023-07-28T09:45:53 IST" skipped="0">
  <testcase classname="TestNG.TestNG_Annotation" name="forgetPasswordClick" time="111.097"/>
  <system-out/>
  <testcase classname="TestNG.TestNG_Annotation" name="Login" time="98.082"/>
  <system-out/>
</testsuite> <!-- TestNG.TestNG_Annotation -->
