<?xml version="1.0" encoding="UTF-8"?>
<!-- Generated by org.testng.reporters.JUnitReportReporter -->
<testsuite hostname="LAPTOP-KHLMVE7K" failures="0" tests="1" name="TestNg_Group.Invocation_1" time="0.008" errors="0" timestamp="2023-07-31T08:21:07 IST" skipped="0">
  <testcase classname="TestNg_Group.Invocation_1" name="test1" time="0.008"/>
  <system-out/>
</testsuite> <!-- TestNg_Group.Invocation_1 -->
