<?xml version="1.0" encoding="UTF-8"?>
<!-- Generated by org.testng.reporters.JUnitReportReporter -->
<testsuite hostname="LAPTOP-KHLMVE7K" failures="0" tests="1" name="Test_Fail_TestNg.Amazon" time="116.347" errors="0" timestamp="2023-07-31T07:58:24 IST" skipped="0">
  <testcase classname="Test_Fail_TestNg.Amazon" name="amazon" time="116.347"/>
  <system-out/>
</testsuite> <!-- Test_Fail_TestNg.Amazon -->
