<?xml version="1.0" encoding="UTF-8"?>
<!-- Generated by org.testng.reporters.JUnitReportReporter -->
<testsuite hostname="LAPTOP-KHLMVE7K" failures="0" tests="4" name="TestNG.Enabled_TestNg" time="0.023" errors="0" timestamp="2023-07-28T08:18:56 IST" skipped="1">
  <testcase classname="TestNG.Enabled_TestNg" name="test3" time="0.003"/>
  <system-out/>
  <testcase classname="TestNG.Enabled_TestNg" name="test3" time="0.015"/>
  <system-out/>
  <testcase classname="TestNG.Enabled_TestNg" name="test1" time="0.005"/>
  <system-out/>
  <testcase classname="TestNG.Enabled_TestNg" name="test2">
    <skipped/>
  </testcase> <!-- test2 -->
  <system-out/>
</testsuite> <!-- TestNG.Enabled_TestNg -->
