<?xml version="1.0" encoding="UTF-8"?>
<!-- Generated by org.testng.reporters.JUnitReportReporter -->
<testsuite hostname="LAPTOP-KHLMVE7K" failures="0" tests="3" name="TestNG.Priority_TestNg" time="0.023" errors="0" timestamp="2023-07-28T08:03:22 IST" skipped="0">
  <testcase classname="TestNG.Priority_TestNg" name="test3" time="0.015"/>
  <system-out/>
  <testcase classname="TestNG.Priority_TestNg" name="test1" time="0.005"/>
  <system-out/>
  <testcase classname="TestNG.Priority_TestNg" name="test2" time="0.003"/>
  <system-out/>
</testsuite> <!-- TestNG.Priority_TestNg -->
