<?xml version="1.0" encoding="UTF-8"?>
<!-- Generated by org.testng.reporters.JUnitReportReporter -->
<testsuite hostname="LAPTOP-KHLMVE7K" failures="0" tests="1" name="TestNG_Parallel.Facebook" time="106.971" errors="0" timestamp="2023-07-29T08:14:29 IST" skipped="0">
  <testcase classname="TestNG_Parallel.Facebook" name="fb" time="106.971"/>
  <system-out/>
</testsuite> <!-- TestNG_Parallel.Facebook -->
