<?xml version="1.0" encoding="UTF-8"?>
<!-- Generated by org.testng.reporters.JUnitReportReporter -->
<testsuite hostname="LAPTOP-KHLMVE7K" failures="0" tests="1" name="TestNG_Parallel.Amazon" time="105.712" errors="0" timestamp="2023-07-29T08:14:29 IST" skipped="0">
  <testcase classname="TestNG_Parallel.Amazon" name="amazon" time="105.712"/>
  <system-out/>
</testsuite> <!-- TestNG_Parallel.Amazon -->
