<?xml version="1.0" encoding="UTF-8"?>
<!-- Generated by org.testng.reporters.JUnitReportReporter -->
<testsuite hostname="LAPTOP-KHLMVE7K" failures="0" tests="2" name="TestNG_Parallel.Compatibility_parallel" time="242.516" errors="0" timestamp="2023-07-29T08:48:27 IST" skipped="0">
  <testcase classname="TestNG_Parallel.Compatibility_parallel" name="demo" time="143.213"/>
  <system-out/>
  <testcase classname="TestNG_Parallel.Compatibility_parallel" name="demo" time="99.303"/>
  <system-out/>
</testsuite> <!-- TestNG_Parallel.Compatibility_parallel -->
